<?xml version="1.0" encoding="UTF-8"?>
<testng-results ignored="0" total="1" passed="1" failed="0" skipped="0">
  <reporter-output>
  </reporter-output>
  <suite started-at="2022-09-09T09:29:11 MST" name="inetBankingV1" finished-at="2022-09-09T09:30:12 MST" duration-ms="61635">
    <groups>
    </groups>
    <test started-at="2022-09-09T09:29:11 MST" name="Banking Test" finished-at="2022-09-09T09:30:12 MST" duration-ms="61635">
      <class name="com.inetBanking.testCases.TC_LoginTest_001">
        <test-method is-config="true" signature="setUp(java.lang.String)[pri:0, instance:com.inetBanking.testCases.TC_LoginTest_001@5876a9af]" started-at="2022-09-09T09:29:11 MST" name="setUp" finished-at="2022-09-09T09:30:01 MST" duration-ms="50623" status="PASS">
          <params>
            <param index="0">
              <value>
                <![CDATA[firefox]]>
              </value>
            </param>
          </params>
          <reporter-output>
          </reporter-output>
        </test-method> <!-- setUp -->
        <test-method signature="loginTest()[pri:0, instance:com.inetBanking.testCases.TC_LoginTest_001@5876a9af]" started-at="2022-09-09T09:30:01 MST" name="loginTest" finished-at="2022-09-09T09:30:08 MST" duration-ms="6365" status="PASS">
          <reporter-output>
          </reporter-output>
        </test-method> <!-- loginTest -->
        <test-method is-config="true" signature="tearDown()[pri:0, instance:com.inetBanking.testCases.TC_LoginTest_001@5876a9af]" started-at="2022-09-09T09:30:08 MST" name="tearDown" finished-at="2022-09-09T09:30:12 MST" duration-ms="4418" status="PASS">
          <reporter-output>
          </reporter-output>
        </test-method> <!-- tearDown -->
      </class> <!-- com.inetBanking.testCases.TC_LoginTest_001 -->
    </test> <!-- Banking Test -->
  </suite> <!-- inetBankingV1 -->
</testng-results>
